/home/docker/data/iML1515_PN_analysis/params_iML1515_PN-analysis.RDS[1] "[model.mngr] Generating command template"
[[1]]
R version 4.3.0 (2023-04-21)
Platform: x86_64-pc-linux-gnu (64-bit)
Running under: Debian GNU/Linux 12 (bookworm)

Matrix products: default
BLAS:   /usr/lib/x86_64-linux-gnu/openblas-pthread/libblas.so.3 
LAPACK: /usr/lib/x86_64-linux-gnu/openblas-pthread/libopenblasp-r0.3.21.so;  LAPACK version 3.11.0

locale:
 [1] LC_CTYPE=en_US.UTF-8       LC_NUMERIC=C              
 [3] LC_TIME=en_US.UTF-8        LC_COLLATE=en_US.UTF-8    
 [5] LC_MONETARY=en_US.UTF-8    LC_MESSAGES=en_US.UTF-8   
 [7] LC_PAPER=en_US.UTF-8       LC_NAME=C                 
 [9] LC_ADDRESS=C               LC_TELEPHONE=C            
[11] LC_MEASUREMENT=en_US.UTF-8 LC_IDENTIFICATION=C       

time zone: Etc/UTC
tzcode source: system (glibc)

attached base packages:
[1] parallel  stats     graphics  grDevices utils     datasets  methods  
[8] base     

other attached packages:
[1] epimod_1.0.0

loaded via a namespace (and not attached):
[1] compiler_4.3.0



 =========================================================
|                ODE/SDE Solver                       |
 =========================================================

 If you find any bug, send an email to beccuti@di.unito.it

=====================INPUT PARAMETERS======================

	Compact CPP code: OFF
	Type solution: 7
	Transition policy: Genelarized Mass Action policy
	Solution final time: 10
	Initial size step: 1e-06
	Initial  time: 0
	Abosolute tolerance: 1e-06
	Relative tolerance: 1e-06
	Epsilon value for TAU-leaping: 0.1
	Solution runs: 1
	Detailed output: 0.5

===========================================================


START EXECUTION...


 =========================================================
|		      System equation			  |
 =========================================================

	dlcts_e/dt = +1*EX_lcts_e_out_general() -1*EX_lcts_e_in_general() +1*Tlcts_general()
	lcts_e_0 = 6

	dglc_e/dt = -1*EX_glc_e_in_general() +1*EX_glc_e_out_general() +1*Tglc_general()
	glc_e_0 = 6


	Transitions' rate
		EX_glc_e_in: 1
		EX_glc_e_out: 1
		Tglc: 1
		EX_lcts_e_out: 1
		EX_lcts_e_in: 1
		Tlcts: 1
===========================================================



READING FLUX BALANCE PROBLEMS...
Exception: FLUX BALANCE: error opening input file:iML1515_fba
sed: can't read iML1515_PN-analysis-1-1.trace: No such file or directory
sed: can't read iML1515_PN-analysis-1-1.trace: No such file or directory
[[1]]
[1] "iML1515_PN-analysis-1.trace"

logical(0)
